<?xml version="1.0" encoding="UTF-8"?>
<testsuite name="com.mhp.insideApp.persistence.api.StockOrderServiceTest" tests="4" skipped="0" failures="0" errors="0" timestamp="2016-10-22T16:34:33" hostname="Alexanders-MBP.fritz.box" time="4.014">
  <properties/>
  <testcase name="create" classname="com.mhp.insideApp.persistence.api.StockOrderServiceTest" time="0.064"/>
  <testcase name="findById" classname="com.mhp.insideApp.persistence.api.StockOrderServiceTest" time="0.024"/>
  <testcase name="findOpenOrderByContractAndLicensePlate" classname="com.mhp.insideApp.persistence.api.StockOrderServiceTest" time="0.029"/>
  <testcase name="findByContract" classname="com.mhp.insideApp.persistence.api.StockOrderServiceTest" time="0.045"/>
  <system-out><![CDATA[2016-10-22 18:34:31.983  INFO 21524 --- [    Test worker] o.s.t.c.support.AbstractContextLoader    : Could not detect default resource locations for test class [com.mhp.insideApp.persistence.api.StockOrderServiceTest]: no resource found for suffixes {-context.xml, Context.groovy}.
2016-10-22 18:34:31.991  INFO 21524 --- [    Test worker] .b.t.c.SpringBootTestContextBootstrapper : Loaded default TestExecutionListener class names from location [META-INF/spring.factories]: [org.springframework.boot.test.mock.mockito.MockitoTestExecutionListener, org.springframework.boot.test.mock.mockito.ResetMocksTestExecutionListener, org.springframework.boot.test.autoconfigure.AutoConfigureReportTestExecutionListener, org.springframework.boot.test.autoconfigure.restdocs.RestDocsTestExecutionListener, org.springframework.boot.test.autoconfigure.web.client.MockRestServiceServerResetTestExecutionListener, org.springframework.test.context.web.ServletTestExecutionListener, org.springframework.test.context.support.DirtiesContextBeforeModesTestExecutionListener, org.springframework.test.context.support.DependencyInjectionTestExecutionListener, org.springframework.test.context.support.DirtiesContextTestExecutionListener, org.springframework.test.context.transaction.TransactionalTestExecutionListener, org.springframework.test.context.jdbc.SqlScriptsTestExecutionListener]
2016-10-22 18:34:31.991  INFO 21524 --- [    Test worker] .b.t.c.SpringBootTestContextBootstrapper : Using TestExecutionListeners: [org.springframework.test.context.web.ServletTestExecutionListener@12575a53, org.springframework.test.context.support.DirtiesContextBeforeModesTestExecutionListener@e669d5e, org.springframework.boot.test.autoconfigure.AutoConfigureReportTestExecutionListener@173806fe, org.springframework.test.context.support.DependencyInjectionTestExecutionListener@11134a50, org.springframework.test.context.support.DirtiesContextTestExecutionListener@39be0fe3, org.springframework.test.context.transaction.TransactionalTestExecutionListener@308e9e7, org.springframework.test.context.jdbc.SqlScriptsTestExecutionListener@54d0108e, org.springframework.boot.test.mock.mockito.ResetMocksTestExecutionListener@5f1a818e, org.springframework.boot.test.mock.mockito.MockitoTestExecutionListener@16125c99, org.springframework.boot.test.autoconfigure.restdocs.RestDocsTestExecutionListener@5211d86d, org.springframework.boot.test.autoconfigure.web.client.MockRestServiceServerResetTestExecutionListener@611f6c1]

  .   ____          _            __ _ _
 /\\ / ___'_ __ _ _(_)_ __  __ _ \ \ \ \
( ( )\___ | '_ | '_| | '_ \/ _` | \ \ \ \
 \\/  ___)| |_)| | | | | || (_| |  ) ) ) )
  '  |____| .__|_| |_|_| |_\__, | / / / /
 =========|_|==============|___/=/_/_/_/
 :: Spring Boot ::        (v1.4.0.RELEASE)

2016-10-22 18:34:32.028  INFO 21524 --- [    Test worker] c.m.i.p.api.StockOrderServiceTest        : Starting StockOrderServiceTest on Alexanders-MBP.fritz.box with PID 21524 (started by alexandergrosse in /Users/alexandergrosse/Desktop/MHP/InsideApp/persistence)
2016-10-22 18:34:32.028  INFO 21524 --- [    Test worker] c.m.i.p.api.StockOrderServiceTest        : No active profile set, falling back to default profiles: default
2016-10-22 18:34:32.032  INFO 21524 --- [    Test worker] o.s.w.c.s.GenericWebApplicationContext   : Refreshing org.springframework.web.context.support.GenericWebApplicationContext@72a4043c: startup date [Sat Oct 22 18:34:32 CEST 2016]; root of context hierarchy
2016-10-22 18:34:32.500  INFO 21524 --- [    Test worker] trationDelegate$BeanPostProcessorChecker : Bean 'org.springframework.transaction.annotation.ProxyTransactionManagementConfiguration' of type [class org.springframework.transaction.annotation.ProxyTransactionManagementConfiguration$$EnhancerBySpringCGLIB$$6b4818b0] is not eligible for getting processed by all BeanPostProcessors (for example: not eligible for auto-proxying)
2016-10-22 18:34:32.620  INFO 21524 --- [    Test worker] j.LocalContainerEntityManagerFactoryBean : Building JPA container EntityManagerFactory for persistence unit 'default'
2016-10-22 18:34:32.620  INFO 21524 --- [    Test worker] o.hibernate.jpa.internal.util.LogHelper  : HHH000204: Processing PersistenceUnitInfo [
	name: default
	...]
2016-10-22 18:34:32.628  INFO 21524 --- [    Test worker] org.hibernate.dialect.Dialect            : HHH000400: Using dialect: org.hibernate.dialect.H2Dialect
2016-10-22 18:34:32.676  INFO 21524 --- [    Test worker] org.hibernate.tool.hbm2ddl.SchemaExport  : HHH000227: Running hbm2ddl schema export
2016-10-22 18:34:32.686  INFO 21524 --- [    Test worker] org.hibernate.tool.hbm2ddl.SchemaExport  : HHH000230: Schema export complete
2016-10-22 18:34:32.747  INFO 21524 --- [    Test worker] o.h.h.i.QueryTranslatorFactoryInitiator  : HHH000397: Using ASTQueryTranslatorFactory
2016-10-22 18:34:33.036  INFO 21524 --- [    Test worker] s.w.s.m.m.a.RequestMappingHandlerAdapter : Looking for @ControllerAdvice: org.springframework.web.context.support.GenericWebApplicationContext@72a4043c: startup date [Sat Oct 22 18:34:32 CEST 2016]; root of context hierarchy
2016-10-22 18:34:33.052  INFO 21524 --- [    Test worker] s.w.s.m.m.a.RequestMappingHandlerMapping : Mapped "{[/error]}" onto public org.springframework.http.ResponseEntity<java.util.Map<java.lang.String, java.lang.Object>> org.springframework.boot.autoconfigure.web.BasicErrorController.error(javax.servlet.http.HttpServletRequest)
2016-10-22 18:34:33.053  INFO 21524 --- [    Test worker] s.w.s.m.m.a.RequestMappingHandlerMapping : Mapped "{[/error],produces=[text/html]}" onto public org.springframework.web.servlet.ModelAndView org.springframework.boot.autoconfigure.web.BasicErrorController.errorHtml(javax.servlet.http.HttpServletRequest,javax.servlet.http.HttpServletResponse)
2016-10-22 18:34:33.091  INFO 21524 --- [    Test worker] o.s.w.s.handler.SimpleUrlHandlerMapping  : Mapped URL path [/webjars/**] onto handler of type [class org.springframework.web.servlet.resource.ResourceHttpRequestHandler]
2016-10-22 18:34:33.091  INFO 21524 --- [    Test worker] o.s.w.s.handler.SimpleUrlHandlerMapping  : Mapped URL path [/**] onto handler of type [class org.springframework.web.servlet.resource.ResourceHttpRequestHandler]
2016-10-22 18:34:33.115  INFO 21524 --- [    Test worker] o.s.w.s.handler.SimpleUrlHandlerMapping  : Mapped URL path [/**/favicon.ico] onto handler of type [class org.springframework.web.servlet.resource.ResourceHttpRequestHandler]
2016-10-22 18:34:33.311  INFO 21524 --- [    Test worker] c.m.i.p.api.StockOrderServiceTest        : Started StockOrderServiceTest in 1.316 seconds (JVM running for 16.306)
2016-10-22 18:34:33.316  INFO 21524 --- [    Test worker] o.s.t.c.transaction.TransactionContext   : Began transaction (1) for test context [DefaultTestContext@2b5f7bf3 testClass = StockOrderServiceTest, testInstance = com.mhp.insideApp.persistence.api.StockOrderServiceTest@30535e94, testMethod = create@StockOrderServiceTest, testException = [null], mergedContextConfiguration = [WebMergedContextConfiguration@3180780c testClass = StockOrderServiceTest, locations = '{}', classes = '{class com.mhp.insideApp.persistence.NullApplication, class com.mhp.insideApp.persistence.api.StockOrderServiceTest}', contextInitializerClasses = '[]', activeProfiles = '{}', propertySourceLocations = '{}', propertySourceProperties = '{org.springframework.boot.test.context.SpringBootTestContextBootstrapper=true}', contextCustomizers = set[org.springframework.boot.test.context.SpringBootTestContextCustomizer@68015954, org.springframework.boot.test.context.filter.ExcludeFilterContextCustomizer@761c1612, org.springframework.boot.test.mock.mockito.MockitoContextCustomizer@0, org.springframework.boot.test.autoconfigure.properties.PropertyMappingContextCustomizer@0], resourceBasePath = 'src/main/webapp', contextLoader = 'org.springframework.boot.test.context.SpringBootContextLoader', parent = [null]]]; transaction manager [org.springframework.orm.jpa.JpaTransactionManager@66ff1f65]; rollback [true]
2016-10-22 18:34:33.326  INFO 21524 --- [    Test worker] o.s.jdbc.datasource.init.ScriptUtils     : Executing SQL script from class path resource [beforeTestRun.sql]
2016-10-22 18:34:33.334  INFO 21524 --- [    Test worker] o.s.jdbc.datasource.init.ScriptUtils     : Executed SQL script from class path resource [beforeTestRun.sql] in 8 ms.
2016-10-22 18:34:33.365  INFO 21524 --- [    Test worker] o.s.jdbc.datasource.init.ScriptUtils     : Executing SQL script from class path resource [afterTestRun.sql]
2016-10-22 18:34:33.368  INFO 21524 --- [    Test worker] o.s.jdbc.datasource.init.ScriptUtils     : Executed SQL script from class path resource [afterTestRun.sql] in 3 ms.
2016-10-22 18:34:33.369  INFO 21524 --- [    Test worker] o.s.t.c.transaction.TransactionContext   : Rolled back transaction for test context [DefaultTestContext@2b5f7bf3 testClass = StockOrderServiceTest, testInstance = com.mhp.insideApp.persistence.api.StockOrderServiceTest@30535e94, testMethod = create@StockOrderServiceTest, testException = [null], mergedContextConfiguration = [WebMergedContextConfiguration@3180780c testClass = StockOrderServiceTest, locations = '{}', classes = '{class com.mhp.insideApp.persistence.NullApplication, class com.mhp.insideApp.persistence.api.StockOrderServiceTest}', contextInitializerClasses = '[]', activeProfiles = '{}', propertySourceLocations = '{}', propertySourceProperties = '{org.springframework.boot.test.context.SpringBootTestContextBootstrapper=true}', contextCustomizers = set[org.springframework.boot.test.context.SpringBootTestContextCustomizer@68015954, org.springframework.boot.test.context.filter.ExcludeFilterContextCustomizer@761c1612, org.springframework.boot.test.mock.mockito.MockitoContextCustomizer@0, org.springframework.boot.test.autoconfigure.properties.PropertyMappingContextCustomizer@0], resourceBasePath = 'src/main/webapp', contextLoader = 'org.springframework.boot.test.context.SpringBootContextLoader', parent = [null]]].
2016-10-22 18:34:33.369  INFO 21524 --- [    Test worker] o.s.w.c.s.GenericWebApplicationContext   : Closing org.springframework.web.context.support.GenericWebApplicationContext@72a4043c: startup date [Sat Oct 22 18:34:32 CEST 2016]; root of context hierarchy
2016-10-22 18:34:33.372  INFO 21524 --- [    Test worker] j.LocalContainerEntityManagerFactoryBean : Closing JPA EntityManagerFactory for persistence unit 'default'
2016-10-22 18:34:33.372  INFO 21524 --- [    Test worker] org.hibernate.tool.hbm2ddl.SchemaExport  : HHH000227: Running hbm2ddl schema export
2016-10-22 18:34:33.376  INFO 21524 --- [    Test worker] org.hibernate.tool.hbm2ddl.SchemaExport  : HHH000230: Schema export complete

  .   ____          _            __ _ _
 /\\ / ___'_ __ _ _(_)_ __  __ _ \ \ \ \
( ( )\___ | '_ | '_| | '_ \/ _` | \ \ \ \
 \\/  ___)| |_)| | | | | || (_| |  ) ) ) )
  '  |____| .__|_| |_|_| |_\__, | / / / /
 =========|_|==============|___/=/_/_/_/
 :: Spring Boot ::        (v1.4.0.RELEASE)

2016-10-22 18:34:33.415  INFO 21524 --- [    Test worker] c.m.i.p.api.StockOrderServiceTest        : Starting StockOrderServiceTest on Alexanders-MBP.fritz.box with PID 21524 (started by alexandergrosse in /Users/alexandergrosse/Desktop/MHP/InsideApp/persistence)
2016-10-22 18:34:33.415  INFO 21524 --- [    Test worker] c.m.i.p.api.StockOrderServiceTest        : No active profile set, falling back to default profiles: default
2016-10-22 18:34:33.420  INFO 21524 --- [    Test worker] o.s.w.c.s.GenericWebApplicationContext   : Refreshing org.springframework.web.context.support.GenericWebApplicationContext@566d792d: startup date [Sat Oct 22 18:34:33 CEST 2016]; root of context hierarchy
2016-10-22 18:34:33.882  INFO 21524 --- [    Test worker] trationDelegate$BeanPostProcessorChecker : Bean 'org.springframework.transaction.annotation.ProxyTransactionManagementConfiguration' of type [class org.springframework.transaction.annotation.ProxyTransactionManagementConfiguration$$EnhancerBySpringCGLIB$$6b4818b0] is not eligible for getting processed by all BeanPostProcessors (for example: not eligible for auto-proxying)
2016-10-22 18:34:34.002  INFO 21524 --- [    Test worker] j.LocalContainerEntityManagerFactoryBean : Building JPA container EntityManagerFactory for persistence unit 'default'
2016-10-22 18:34:34.002  INFO 21524 --- [    Test worker] o.hibernate.jpa.internal.util.LogHelper  : HHH000204: Processing PersistenceUnitInfo [
	name: default
	...]
2016-10-22 18:34:34.014  INFO 21524 --- [    Test worker] org.hibernate.dialect.Dialect            : HHH000400: Using dialect: org.hibernate.dialect.H2Dialect
2016-10-22 18:34:34.064  INFO 21524 --- [    Test worker] org.hibernate.tool.hbm2ddl.SchemaExport  : HHH000227: Running hbm2ddl schema export
2016-10-22 18:34:34.073  INFO 21524 --- [    Test worker] org.hibernate.tool.hbm2ddl.SchemaExport  : HHH000230: Schema export complete
2016-10-22 18:34:34.152  INFO 21524 --- [    Test worker] o.h.h.i.QueryTranslatorFactoryInitiator  : HHH000397: Using ASTQueryTranslatorFactory
2016-10-22 18:34:34.425  INFO 21524 --- [    Test worker] s.w.s.m.m.a.RequestMappingHandlerAdapter : Looking for @ControllerAdvice: org.springframework.web.context.support.GenericWebApplicationContext@566d792d: startup date [Sat Oct 22 18:34:33 CEST 2016]; root of context hierarchy
2016-10-22 18:34:34.452  INFO 21524 --- [    Test worker] s.w.s.m.m.a.RequestMappingHandlerMapping : Mapped "{[/error]}" onto public org.springframework.http.ResponseEntity<java.util.Map<java.lang.String, java.lang.Object>> org.springframework.boot.autoconfigure.web.BasicErrorController.error(javax.servlet.http.HttpServletRequest)
2016-10-22 18:34:34.452  INFO 21524 --- [    Test worker] s.w.s.m.m.a.RequestMappingHandlerMapping : Mapped "{[/error],produces=[text/html]}" onto public org.springframework.web.servlet.ModelAndView org.springframework.boot.autoconfigure.web.BasicErrorController.errorHtml(javax.servlet.http.HttpServletRequest,javax.servlet.http.HttpServletResponse)
2016-10-22 18:34:34.476  INFO 21524 --- [    Test worker] o.s.w.s.handler.SimpleUrlHandlerMapping  : Mapped URL path [/webjars/**] onto handler of type [class org.springframework.web.servlet.resource.ResourceHttpRequestHandler]
2016-10-22 18:34:34.476  INFO 21524 --- [    Test worker] o.s.w.s.handler.SimpleUrlHandlerMapping  : Mapped URL path [/**] onto handler of type [class org.springframework.web.servlet.resource.ResourceHttpRequestHandler]
2016-10-22 18:34:34.499  INFO 21524 --- [    Test worker] o.s.w.s.handler.SimpleUrlHandlerMapping  : Mapped URL path [/**/favicon.ico] onto handler of type [class org.springframework.web.servlet.resource.ResourceHttpRequestHandler]
2016-10-22 18:34:34.655  INFO 21524 --- [    Test worker] c.m.i.p.api.StockOrderServiceTest        : Started StockOrderServiceTest in 1.272 seconds (JVM running for 17.649)
2016-10-22 18:34:34.658  INFO 21524 --- [    Test worker] o.s.t.c.transaction.TransactionContext   : Began transaction (1) for test context [DefaultTestContext@2b5f7bf3 testClass = StockOrderServiceTest, testInstance = com.mhp.insideApp.persistence.api.StockOrderServiceTest@a726c9f, testMethod = findById@StockOrderServiceTest, testException = [null], mergedContextConfiguration = [WebMergedContextConfiguration@3180780c testClass = StockOrderServiceTest, locations = '{}', classes = '{class com.mhp.insideApp.persistence.NullApplication, class com.mhp.insideApp.persistence.api.StockOrderServiceTest}', contextInitializerClasses = '[]', activeProfiles = '{}', propertySourceLocations = '{}', propertySourceProperties = '{org.springframework.boot.test.context.SpringBootTestContextBootstrapper=true}', contextCustomizers = set[org.springframework.boot.test.context.SpringBootTestContextCustomizer@68015954, org.springframework.boot.test.context.filter.ExcludeFilterContextCustomizer@761c1612, org.springframework.boot.test.mock.mockito.MockitoContextCustomizer@0, org.springframework.boot.test.autoconfigure.properties.PropertyMappingContextCustomizer@0], resourceBasePath = 'src/main/webapp', contextLoader = 'org.springframework.boot.test.context.SpringBootContextLoader', parent = [null]]]; transaction manager [org.springframework.orm.jpa.JpaTransactionManager@51b7580b]; rollback [true]
2016-10-22 18:34:34.659  INFO 21524 --- [    Test worker] o.s.jdbc.datasource.init.ScriptUtils     : Executing SQL script from class path resource [beforeTestRun.sql]
2016-10-22 18:34:34.665  INFO 21524 --- [    Test worker] o.s.jdbc.datasource.init.ScriptUtils     : Executed SQL script from class path resource [beforeTestRun.sql] in 6 ms.
2016-10-22 18:34:34.673  INFO 21524 --- [    Test worker] o.s.jdbc.datasource.init.ScriptUtils     : Executing SQL script from class path resource [afterTestRun.sql]
2016-10-22 18:34:34.674  INFO 21524 --- [    Test worker] o.s.jdbc.datasource.init.ScriptUtils     : Executed SQL script from class path resource [afterTestRun.sql] in 1 ms.
2016-10-22 18:34:34.675  INFO 21524 --- [    Test worker] o.s.t.c.transaction.TransactionContext   : Rolled back transaction for test context [DefaultTestContext@2b5f7bf3 testClass = StockOrderServiceTest, testInstance = com.mhp.insideApp.persistence.api.StockOrderServiceTest@a726c9f, testMethod = findById@StockOrderServiceTest, testException = [null], mergedContextConfiguration = [WebMergedContextConfiguration@3180780c testClass = StockOrderServiceTest, locations = '{}', classes = '{class com.mhp.insideApp.persistence.NullApplication, class com.mhp.insideApp.persistence.api.StockOrderServiceTest}', contextInitializerClasses = '[]', activeProfiles = '{}', propertySourceLocations = '{}', propertySourceProperties = '{org.springframework.boot.test.context.SpringBootTestContextBootstrapper=true}', contextCustomizers = set[org.springframework.boot.test.context.SpringBootTestContextCustomizer@68015954, org.springframework.boot.test.context.filter.ExcludeFilterContextCustomizer@761c1612, org.springframework.boot.test.mock.mockito.MockitoContextCustomizer@0, org.springframework.boot.test.autoconfigure.properties.PropertyMappingContextCustomizer@0], resourceBasePath = 'src/main/webapp', contextLoader = 'org.springframework.boot.test.context.SpringBootContextLoader', parent = [null]]].
2016-10-22 18:34:34.675  INFO 21524 --- [    Test worker] o.s.w.c.s.GenericWebApplicationContext   : Closing org.springframework.web.context.support.GenericWebApplicationContext@566d792d: startup date [Sat Oct 22 18:34:33 CEST 2016]; root of context hierarchy
2016-10-22 18:34:34.678  INFO 21524 --- [    Test worker] j.LocalContainerEntityManagerFactoryBean : Closing JPA EntityManagerFactory for persistence unit 'default'
2016-10-22 18:34:34.678  INFO 21524 --- [    Test worker] org.hibernate.tool.hbm2ddl.SchemaExport  : HHH000227: Running hbm2ddl schema export
2016-10-22 18:34:34.680  INFO 21524 --- [    Test worker] org.hibernate.tool.hbm2ddl.SchemaExport  : HHH000230: Schema export complete

  .   ____          _            __ _ _
 /\\ / ___'_ __ _ _(_)_ __  __ _ \ \ \ \
( ( )\___ | '_ | '_| | '_ \/ _` | \ \ \ \
 \\/  ___)| |_)| | | | | || (_| |  ) ) ) )
  '  |____| .__|_| |_|_| |_\__, | / / / /
 =========|_|==============|___/=/_/_/_/
 :: Spring Boot ::        (v1.4.0.RELEASE)

2016-10-22 18:34:34.707  INFO 21524 --- [    Test worker] c.m.i.p.api.StockOrderServiceTest        : Starting StockOrderServiceTest on Alexanders-MBP.fritz.box with PID 21524 (started by alexandergrosse in /Users/alexandergrosse/Desktop/MHP/InsideApp/persistence)
2016-10-22 18:34:34.708  INFO 21524 --- [    Test worker] c.m.i.p.api.StockOrderServiceTest        : No active profile set, falling back to default profiles: default
2016-10-22 18:34:34.712  INFO 21524 --- [    Test worker] o.s.w.c.s.GenericWebApplicationContext   : Refreshing org.springframework.web.context.support.GenericWebApplicationContext@26c7c2b5: startup date [Sat Oct 22 18:34:34 CEST 2016]; root of context hierarchy
2016-10-22 18:34:35.139  INFO 21524 --- [    Test worker] trationDelegate$BeanPostProcessorChecker : Bean 'org.springframework.transaction.annotation.ProxyTransactionManagementConfiguration' of type [class org.springframework.transaction.annotation.ProxyTransactionManagementConfiguration$$EnhancerBySpringCGLIB$$6b4818b0] is not eligible for getting processed by all BeanPostProcessors (for example: not eligible for auto-proxying)
2016-10-22 18:34:35.262  INFO 21524 --- [    Test worker] j.LocalContainerEntityManagerFactoryBean : Building JPA container EntityManagerFactory for persistence unit 'default'
2016-10-22 18:34:35.262  INFO 21524 --- [    Test worker] o.hibernate.jpa.internal.util.LogHelper  : HHH000204: Processing PersistenceUnitInfo [
	name: default
	...]
2016-10-22 18:34:35.272  INFO 21524 --- [    Test worker] org.hibernate.dialect.Dialect            : HHH000400: Using dialect: org.hibernate.dialect.H2Dialect
2016-10-22 18:34:35.314  INFO 21524 --- [    Test worker] org.hibernate.tool.hbm2ddl.SchemaExport  : HHH000227: Running hbm2ddl schema export
2016-10-22 18:34:35.322  INFO 21524 --- [    Test worker] org.hibernate.tool.hbm2ddl.SchemaExport  : HHH000230: Schema export complete
2016-10-22 18:34:35.397  INFO 21524 --- [    Test worker] o.h.h.i.QueryTranslatorFactoryInitiator  : HHH000397: Using ASTQueryTranslatorFactory
2016-10-22 18:34:35.716  INFO 21524 --- [    Test worker] s.w.s.m.m.a.RequestMappingHandlerAdapter : Looking for @ControllerAdvice: org.springframework.web.context.support.GenericWebApplicationContext@26c7c2b5: startup date [Sat Oct 22 18:34:34 CEST 2016]; root of context hierarchy
2016-10-22 18:34:35.733  INFO 21524 --- [    Test worker] s.w.s.m.m.a.RequestMappingHandlerMapping : Mapped "{[/error]}" onto public org.springframework.http.ResponseEntity<java.util.Map<java.lang.String, java.lang.Object>> org.springframework.boot.autoconfigure.web.BasicErrorController.error(javax.servlet.http.HttpServletRequest)
2016-10-22 18:34:35.733  INFO 21524 --- [    Test worker] s.w.s.m.m.a.RequestMappingHandlerMapping : Mapped "{[/error],produces=[text/html]}" onto public org.springframework.web.servlet.ModelAndView org.springframework.boot.autoconfigure.web.BasicErrorController.errorHtml(javax.servlet.http.HttpServletRequest,javax.servlet.http.HttpServletResponse)
2016-10-22 18:34:35.757  INFO 21524 --- [    Test worker] o.s.w.s.handler.SimpleUrlHandlerMapping  : Mapped URL path [/webjars/**] onto handler of type [class org.springframework.web.servlet.resource.ResourceHttpRequestHandler]
2016-10-22 18:34:35.758  INFO 21524 --- [    Test worker] o.s.w.s.handler.SimpleUrlHandlerMapping  : Mapped URL path [/**] onto handler of type [class org.springframework.web.servlet.resource.ResourceHttpRequestHandler]
2016-10-22 18:34:35.783  INFO 21524 --- [    Test worker] o.s.w.s.handler.SimpleUrlHandlerMapping  : Mapped URL path [/**/favicon.ico] onto handler of type [class org.springframework.web.servlet.resource.ResourceHttpRequestHandler]
2016-10-22 18:34:35.948  INFO 21524 --- [    Test worker] c.m.i.p.api.StockOrderServiceTest        : Started StockOrderServiceTest in 1.263 seconds (JVM running for 18.942)
2016-10-22 18:34:35.952  INFO 21524 --- [    Test worker] o.s.t.c.transaction.TransactionContext   : Began transaction (1) for test context [DefaultTestContext@2b5f7bf3 testClass = StockOrderServiceTest, testInstance = com.mhp.insideApp.persistence.api.StockOrderServiceTest@a1e979c, testMethod = findOpenOrderByContractAndLicensePlate@StockOrderServiceTest, testException = [null], mergedContextConfiguration = [WebMergedContextConfiguration@3180780c testClass = StockOrderServiceTest, locations = '{}', classes = '{class com.mhp.insideApp.persistence.NullApplication, class com.mhp.insideApp.persistence.api.StockOrderServiceTest}', contextInitializerClasses = '[]', activeProfiles = '{}', propertySourceLocations = '{}', propertySourceProperties = '{org.springframework.boot.test.context.SpringBootTestContextBootstrapper=true}', contextCustomizers = set[org.springframework.boot.test.context.SpringBootTestContextCustomizer@68015954, org.springframework.boot.test.context.filter.ExcludeFilterContextCustomizer@761c1612, org.springframework.boot.test.mock.mockito.MockitoContextCustomizer@0, org.springframework.boot.test.autoconfigure.properties.PropertyMappingContextCustomizer@0], resourceBasePath = 'src/main/webapp', contextLoader = 'org.springframework.boot.test.context.SpringBootContextLoader', parent = [null]]]; transaction manager [org.springframework.orm.jpa.JpaTransactionManager@77bec223]; rollback [true]
2016-10-22 18:34:35.955  INFO 21524 --- [    Test worker] o.s.jdbc.datasource.init.ScriptUtils     : Executing SQL script from class path resource [beforeTestRun.sql]
2016-10-22 18:34:35.962  INFO 21524 --- [    Test worker] o.s.jdbc.datasource.init.ScriptUtils     : Executed SQL script from class path resource [beforeTestRun.sql] in 7 ms.
2016-10-22 18:34:35.970  INFO 21524 --- [    Test worker] o.s.jdbc.datasource.init.ScriptUtils     : Executing SQL script from class path resource [afterTestRun.sql]
2016-10-22 18:34:35.972  INFO 21524 --- [    Test worker] o.s.jdbc.datasource.init.ScriptUtils     : Executed SQL script from class path resource [afterTestRun.sql] in 2 ms.
2016-10-22 18:34:35.973  INFO 21524 --- [    Test worker] o.s.t.c.transaction.TransactionContext   : Rolled back transaction for test context [DefaultTestContext@2b5f7bf3 testClass = StockOrderServiceTest, testInstance = com.mhp.insideApp.persistence.api.StockOrderServiceTest@a1e979c, testMethod = findOpenOrderByContractAndLicensePlate@StockOrderServiceTest, testException = [null], mergedContextConfiguration = [WebMergedContextConfiguration@3180780c testClass = StockOrderServiceTest, locations = '{}', classes = '{class com.mhp.insideApp.persistence.NullApplication, class com.mhp.insideApp.persistence.api.StockOrderServiceTest}', contextInitializerClasses = '[]', activeProfiles = '{}', propertySourceLocations = '{}', propertySourceProperties = '{org.springframework.boot.test.context.SpringBootTestContextBootstrapper=true}', contextCustomizers = set[org.springframework.boot.test.context.SpringBootTestContextCustomizer@68015954, org.springframework.boot.test.context.filter.ExcludeFilterContextCustomizer@761c1612, org.springframework.boot.test.mock.mockito.MockitoContextCustomizer@0, org.springframework.boot.test.autoconfigure.properties.PropertyMappingContextCustomizer@0], resourceBasePath = 'src/main/webapp', contextLoader = 'org.springframework.boot.test.context.SpringBootContextLoader', parent = [null]]].
2016-10-22 18:34:35.973  INFO 21524 --- [    Test worker] o.s.w.c.s.GenericWebApplicationContext   : Closing org.springframework.web.context.support.GenericWebApplicationContext@26c7c2b5: startup date [Sat Oct 22 18:34:34 CEST 2016]; root of context hierarchy
2016-10-22 18:34:35.976  INFO 21524 --- [    Test worker] j.LocalContainerEntityManagerFactoryBean : Closing JPA EntityManagerFactory for persistence unit 'default'
2016-10-22 18:34:35.976  INFO 21524 --- [    Test worker] org.hibernate.tool.hbm2ddl.SchemaExport  : HHH000227: Running hbm2ddl schema export
2016-10-22 18:34:35.979  INFO 21524 --- [    Test worker] org.hibernate.tool.hbm2ddl.SchemaExport  : HHH000230: Schema export complete

  .   ____          _            __ _ _
 /\\ / ___'_ __ _ _(_)_ __  __ _ \ \ \ \
( ( )\___ | '_ | '_| | '_ \/ _` | \ \ \ \
 \\/  ___)| |_)| | | | | || (_| |  ) ) ) )
  '  |____| .__|_| |_|_| |_\__, | / / / /
 =========|_|==============|___/=/_/_/_/
 :: Spring Boot ::        (v1.4.0.RELEASE)

2016-10-22 18:34:36.035  INFO 21524 --- [    Test worker] c.m.i.p.api.StockOrderServiceTest        : Starting StockOrderServiceTest on Alexanders-MBP.fritz.box with PID 21524 (started by alexandergrosse in /Users/alexandergrosse/Desktop/MHP/InsideApp/persistence)
2016-10-22 18:34:36.035  INFO 21524 --- [    Test worker] c.m.i.p.api.StockOrderServiceTest        : No active profile set, falling back to default profiles: default
2016-10-22 18:34:36.038  INFO 21524 --- [    Test worker] o.s.w.c.s.GenericWebApplicationContext   : Refreshing org.springframework.web.context.support.GenericWebApplicationContext@46789205: startup date [Sat Oct 22 18:34:36 CEST 2016]; root of context hierarchy
2016-10-22 18:34:36.472  INFO 21524 --- [    Test worker] trationDelegate$BeanPostProcessorChecker : Bean 'org.springframework.transaction.annotation.ProxyTransactionManagementConfiguration' of type [class org.springframework.transaction.annotation.ProxyTransactionManagementConfiguration$$EnhancerBySpringCGLIB$$6b4818b0] is not eligible for getting processed by all BeanPostProcessors (for example: not eligible for auto-proxying)
2016-10-22 18:34:36.599  INFO 21524 --- [    Test worker] j.LocalContainerEntityManagerFactoryBean : Building JPA container EntityManagerFactory for persistence unit 'default'
2016-10-22 18:34:36.599  INFO 21524 --- [    Test worker] o.hibernate.jpa.internal.util.LogHelper  : HHH000204: Processing PersistenceUnitInfo [
	name: default
	...]
2016-10-22 18:34:36.606  INFO 21524 --- [    Test worker] org.hibernate.dialect.Dialect            : HHH000400: Using dialect: org.hibernate.dialect.H2Dialect
2016-10-22 18:34:36.668  INFO 21524 --- [    Test worker] org.hibernate.tool.hbm2ddl.SchemaExport  : HHH000227: Running hbm2ddl schema export
2016-10-22 18:34:36.681  INFO 21524 --- [    Test worker] org.hibernate.tool.hbm2ddl.SchemaExport  : HHH000230: Schema export complete
2016-10-22 18:34:36.747  INFO 21524 --- [    Test worker] o.h.h.i.QueryTranslatorFactoryInitiator  : HHH000397: Using ASTQueryTranslatorFactory
2016-10-22 18:34:37.052  INFO 21524 --- [    Test worker] s.w.s.m.m.a.RequestMappingHandlerAdapter : Looking for @ControllerAdvice: org.springframework.web.context.support.GenericWebApplicationContext@46789205: startup date [Sat Oct 22 18:34:36 CEST 2016]; root of context hierarchy
2016-10-22 18:34:37.068  INFO 21524 --- [    Test worker] s.w.s.m.m.a.RequestMappingHandlerMapping : Mapped "{[/error]}" onto public org.springframework.http.ResponseEntity<java.util.Map<java.lang.String, java.lang.Object>> org.springframework.boot.autoconfigure.web.BasicErrorController.error(javax.servlet.http.HttpServletRequest)
2016-10-22 18:34:37.068  INFO 21524 --- [    Test worker] s.w.s.m.m.a.RequestMappingHandlerMapping : Mapped "{[/error],produces=[text/html]}" onto public org.springframework.web.servlet.ModelAndView org.springframework.boot.autoconfigure.web.BasicErrorController.errorHtml(javax.servlet.http.HttpServletRequest,javax.servlet.http.HttpServletResponse)
2016-10-22 18:34:37.088  INFO 21524 --- [    Test worker] o.s.w.s.handler.SimpleUrlHandlerMapping  : Mapped URL path [/webjars/**] onto handler of type [class org.springframework.web.servlet.resource.ResourceHttpRequestHandler]
2016-10-22 18:34:37.088  INFO 21524 --- [    Test worker] o.s.w.s.handler.SimpleUrlHandlerMapping  : Mapped URL path [/**] onto handler of type [class org.springframework.web.servlet.resource.ResourceHttpRequestHandler]
2016-10-22 18:34:37.111  INFO 21524 --- [    Test worker] o.s.w.s.handler.SimpleUrlHandlerMapping  : Mapped URL path [/**/favicon.ico] onto handler of type [class org.springframework.web.servlet.resource.ResourceHttpRequestHandler]
2016-10-22 18:34:37.280  INFO 21524 --- [    Test worker] c.m.i.p.api.StockOrderServiceTest        : Started StockOrderServiceTest in 1.293 seconds (JVM running for 20.274)
2016-10-22 18:34:37.284  INFO 21524 --- [    Test worker] o.s.t.c.transaction.TransactionContext   : Began transaction (1) for test context [DefaultTestContext@2b5f7bf3 testClass = StockOrderServiceTest, testInstance = com.mhp.insideApp.persistence.api.StockOrderServiceTest@535de25d, testMethod = findByContract@StockOrderServiceTest, testException = [null], mergedContextConfiguration = [WebMergedContextConfiguration@3180780c testClass = StockOrderServiceTest, locations = '{}', classes = '{class com.mhp.insideApp.persistence.NullApplication, class com.mhp.insideApp.persistence.api.StockOrderServiceTest}', contextInitializerClasses = '[]', activeProfiles = '{}', propertySourceLocations = '{}', propertySourceProperties = '{org.springframework.boot.test.context.SpringBootTestContextBootstrapper=true}', contextCustomizers = set[org.springframework.boot.test.context.SpringBootTestContextCustomizer@68015954, org.springframework.boot.test.context.filter.ExcludeFilterContextCustomizer@761c1612, org.springframework.boot.test.mock.mockito.MockitoContextCustomizer@0, org.springframework.boot.test.autoconfigure.properties.PropertyMappingContextCustomizer@0], resourceBasePath = 'src/main/webapp', contextLoader = 'org.springframework.boot.test.context.SpringBootContextLoader', parent = [null]]]; transaction manager [org.springframework.orm.jpa.JpaTransactionManager@73dc51b]; rollback [true]
2016-10-22 18:34:37.287  INFO 21524 --- [    Test worker] o.s.jdbc.datasource.init.ScriptUtils     : Executing SQL script from class path resource [beforeTestRun.sql]
2016-10-22 18:34:37.293  INFO 21524 --- [    Test worker] o.s.jdbc.datasource.init.ScriptUtils     : Executed SQL script from class path resource [beforeTestRun.sql] in 6 ms.
2016-10-22 18:34:37.319  INFO 21524 --- [    Test worker] o.s.jdbc.datasource.init.ScriptUtils     : Executing SQL script from class path resource [afterTestRun.sql]
2016-10-22 18:34:37.320  INFO 21524 --- [    Test worker] o.s.jdbc.datasource.init.ScriptUtils     : Executed SQL script from class path resource [afterTestRun.sql] in 1 ms.
2016-10-22 18:34:37.321  INFO 21524 --- [    Test worker] o.s.t.c.transaction.TransactionContext   : Rolled back transaction for test context [DefaultTestContext@2b5f7bf3 testClass = StockOrderServiceTest, testInstance = com.mhp.insideApp.persistence.api.StockOrderServiceTest@535de25d, testMethod = findByContract@StockOrderServiceTest, testException = [null], mergedContextConfiguration = [WebMergedContextConfiguration@3180780c testClass = StockOrderServiceTest, locations = '{}', classes = '{class com.mhp.insideApp.persistence.NullApplication, class com.mhp.insideApp.persistence.api.StockOrderServiceTest}', contextInitializerClasses = '[]', activeProfiles = '{}', propertySourceLocations = '{}', propertySourceProperties = '{org.springframework.boot.test.context.SpringBootTestContextBootstrapper=true}', contextCustomizers = set[org.springframework.boot.test.context.SpringBootTestContextCustomizer@68015954, org.springframework.boot.test.context.filter.ExcludeFilterContextCustomizer@761c1612, org.springframework.boot.test.mock.mockito.MockitoContextCustomizer@0, org.springframework.boot.test.autoconfigure.properties.PropertyMappingContextCustomizer@0], resourceBasePath = 'src/main/webapp', contextLoader = 'org.springframework.boot.test.context.SpringBootContextLoader', parent = [null]]].
2016-10-22 18:34:37.322  INFO 21524 --- [    Test worker] o.s.w.c.s.GenericWebApplicationContext   : Closing org.springframework.web.context.support.GenericWebApplicationContext@46789205: startup date [Sat Oct 22 18:34:36 CEST 2016]; root of context hierarchy
2016-10-22 18:34:37.324  INFO 21524 --- [    Test worker] j.LocalContainerEntityManagerFactoryBean : Closing JPA EntityManagerFactory for persistence unit 'default'
2016-10-22 18:34:37.324  INFO 21524 --- [    Test worker] org.hibernate.tool.hbm2ddl.SchemaExport  : HHH000227: Running hbm2ddl schema export
2016-10-22 18:34:37.327  INFO 21524 --- [    Test worker] org.hibernate.tool.hbm2ddl.SchemaExport  : HHH000230: Schema export complete
]]></system-out>
  <system-err><![CDATA[]]></system-err>
</testsuite>
