<?xml version="1.0" encoding="UTF-8"?>
<testsuite name="com.mhp.insideApp.persistence.lifters.OrderLifterTest" tests="1" skipped="0" failures="0" errors="0" timestamp="2016-10-22T16:34:37" hostname="Alexanders-MBP.fritz.box" time="0.002">
  <properties/>
  <testcase name="testLiftOrder" classname="com.mhp.insideApp.persistence.lifters.OrderLifterTest" time="0.002"/>
  <system-out><![CDATA[]]></system-out>
  <system-err><![CDATA[]]></system-err>
</testsuite>
