<?xml version="1.0" encoding="UTF-8"?>
<testsuite name="com.mhp.insideApp.persistence.lifters.CustomerLifterTest" tests="1" skipped="0" failures="0" errors="0" timestamp="2016-10-22T16:34:37" hostname="Alexanders-MBP.fritz.box" time="0.0">
  <properties/>
  <testcase name="testLiftCustomer" classname="com.mhp.insideApp.persistence.lifters.CustomerLifterTest" time="0.0"/>
  <system-out><![CDATA[]]></system-out>
  <system-err><![CDATA[]]></system-err>
</testsuite>
