<?xml version="1.0" encoding="UTF-8"?>
<testsuite name="com.mhp.insideApp.common.usescases.UpdateCustomerTest" tests="1" skipped="0" failures="0" errors="0" timestamp="2016-10-22T16:34:13" hostname="Alexanders-MBP.fritz.box" time="0.041">
  <properties/>
  <testcase name="updateReturnsCustomerOnSuccess" classname="com.mhp.insideApp.common.usescases.UpdateCustomerTest" time="0.041"/>
  <system-out><![CDATA[]]></system-out>
  <system-err><![CDATA[]]></system-err>
</testsuite>
