<?xml version="1.0" encoding="UTF-8"?>
<testsuite name="com.mhp.insideApp.insideApplications.usecases.GetOrderByIdTest" tests="3" skipped="0" failures="0" errors="0" timestamp="2016-10-22T16:34:13" hostname="Alexanders-MBP.fritz.box" time="0.011">
  <properties/>
  <testcase name="getAnOrderById" classname="com.mhp.insideApp.insideApplications.usecases.GetOrderByIdTest" time="0.008"/>
  <testcase name="getAnOrderByIdWhenMediaUrlIsEmpty" classname="com.mhp.insideApp.insideApplications.usecases.GetOrderByIdTest" time="0.002"/>
  <testcase name="testOrderStatusUpdateOnServiceAdvisorView" classname="com.mhp.insideApp.insideApplications.usecases.GetOrderByIdTest" time="0.001"/>
  <system-out><![CDATA[]]></system-out>
  <system-err><![CDATA[]]></system-err>
</testsuite>
