<?xml version="1.0" encoding="UTF-8"?>
<testsuite name="com.mhp.insideApp.insideApplications.media.TrailblazrMediaMiddleManagementTest" tests="2" skipped="0" failures="0" errors="0" timestamp="2016-10-22T16:34:13" hostname="Alexanders-MBP.fritz.box" time="0.009">
  <properties/>
  <testcase name="addVideo" classname="com.mhp.insideApp.insideApplications.media.TrailblazrMediaMiddleManagementTest" time="0.008"/>
  <testcase name="getVideo" classname="com.mhp.insideApp.insideApplications.media.TrailblazrMediaMiddleManagementTest" time="0.001"/>
  <system-out><![CDATA[]]></system-out>
  <system-err><![CDATA[]]></system-err>
</testsuite>
