<?xml version="1.0" encoding="UTF-8"?>
<testsuite name="com.mhp.insideApp.insideApplications.usecases.UpdateOrderItemTest" tests="1" skipped="0" failures="0" errors="0" timestamp="2016-10-22T16:34:13" hostname="Alexanders-MBP.fritz.box" time="0.007">
  <properties/>
  <testcase name="runItemsUpdate" classname="com.mhp.insideApp.insideApplications.usecases.UpdateOrderItemTest" time="0.007"/>
  <system-out><![CDATA[]]></system-out>
  <system-err><![CDATA[]]></system-err>
</testsuite>
